# JRE version: OpenJDK Runtime Environment (21.0.4) (build 21.0.4+-12508038-b607.1)
# Java VM: OpenJDK 64-Bit Server VM (21.0.4+-12508038-b607.1, mixed mode, tiered, compressed oops, compressed class ptrs, g1 gc, windows-amd64)
GC Precious Log:
 CardTable entry size: 512
 Card Set container configuration: InlinePtr #cards 5 size 8 Array Of Cards #cards 12 size 40 Howl #buckets 4 coarsen threshold 1843 Howl Bitmap #cards 512 size 80 coarsen threshold 460 Card regions per heap region 1 cards per card region 2048
 CPUs: 8 total, 8 available
 Memory: 8023M
 Large Page Support: Disabled
 NUMA Support: Disabled
 Compressed Oops: Enabled (32-bit)
 Heap Region Size: 1M
 Heap Min Capacity: 8M
 Heap Initial Capacity: 126M
 Heap Max Capacity: 2G
 Pre-touch: Disabled
 Parallel Workers: 8
 Concurrent Workers: 2
 Concurrent Refinement Workers: 8
 Periodic GC: Disabled
Heap:
 garbage-first heap   total 95232K, used 69306K [0x0000000080000000, 0x0000000100000000)
  region size 1024K, 32 young (32768K), 3 survivors (3072K)
 Metaspace       used 62724K, committed 64320K, reserved 1114112K
  class space    used 8604K, committed 9408K, reserved 1048576K
GC Heap History (20 events):
Event: 1.744 GC heap before
{Heap before GC invocations=2 (full 0):
 garbage-first heap   total 129024K, used 58708K [0x0000000080000000, 0x0000000100000000)
  region size 1024K, 47 young (48128K), 3 survivors (3072K)
 Metaspace       used 13952K, committed 14208K, reserved 1114112K
  class space    used 1533K, committed 1664K, reserved 1048576K
}
Event: 1.753 GC heap after
{Heap after GC invocations=3 (full 0):
 garbage-first heap   total 129024K, used 18513K [0x0000000080000000, 0x0000000100000000)
  region size 1024K, 6 young (6144K), 6 survivors (6144K)
 Metaspace       used 13952K, committed 14208K, reserved 1114112K
  class space    used 1533K, committed 1664K, reserved 1048576K
}
Event: 2.689 GC heap before
{Heap before GC invocations=3 (full 0):
 garbage-first heap   total 129024K, used 41041K [0x0000000080000000, 0x0000000100000000)
  region size 1024K, 29 young (29696K), 6 survivors (6144K)
 Metaspace       used 21160K, committed 21504K, reserved 1114112K
  class space    used 2445K, committed 2624K, reserved 1048576K
}
Event: 2.696 GC heap after
{Heap after GC invocations=4 (full 0):
 garbage-first heap   total 129024K, used 22260K [0x0000000080000000, 0x0000000100000000)
  region size 1024K, 8 young (8192K), 8 survivors (8192K)
 Metaspace       used 21160K, committed 21504K, reserved 1114112K
  class space    used 2445K, committed 2624K, reserved 1048576K
}
Event: 3.593 GC heap before
{Heap before GC invocations=5 (full 0):
 garbage-first heap   total 78848K, used 61172K [0x0000000080000000, 0x0000000100000000)
  region size 1024K, 46 young (47104K), 8 survivors (8192K)
 Metaspace       used 27873K, committed 28480K, reserved 1114112K
  class space    used 3487K, committed 3776K, reserved 1048576K
}
Event: 3.600 GC heap after
{Heap after GC invocations=6 (full 0):
 garbage-first heap   total 78848K, used 24125K [0x0000000080000000, 0x0000000100000000)
  region size 1024K, 6 young (6144K), 6 survivors (6144K)
 Metaspace       used 27873K, committed 28480K, reserved 1114112K
  class space    used 3487K, committed 3776K, reserved 1048576K
}
Event: 4.468 GC heap before
{Heap before GC invocations=6 (full 0):
 garbage-first heap   total 78848K, used 60989K [0x0000000080000000, 0x0000000100000000)
  region size 1024K, 42 young (43008K), 6 survivors (6144K)
 Metaspace       used 32840K, committed 33664K, reserved 1114112K
  class space    used 4316K, committed 4736K, reserved 1048576K
}
Event: 4.475 GC heap after
{Heap after GC invocations=7 (full 0):
 garbage-first heap   total 78848K, used 26750K [0x0000000080000000, 0x0000000100000000)
  region size 1024K, 5 young (5120K), 5 survivors (5120K)
 Metaspace       used 32840K, committed 33664K, reserved 1114112K
  class space    used 4316K, committed 4736K, reserved 1048576K
}
Event: 4.771 GC heap before
{Heap before GC invocations=7 (full 0):
 garbage-first heap   total 78848K, used 43134K [0x0000000080000000, 0x0000000100000000)
  region size 1024K, 22 young (22528K), 5 survivors (5120K)
 Metaspace       used 35250K, committed 36096K, reserved 1114112K
  class space    used 4724K, committed 5120K, reserved 1048576K
}
Event: 4.776 GC heap after
{Heap after GC invocations=8 (full 0):
 garbage-first heap   total 78848K, used 27904K [0x0000000080000000, 0x0000000100000000)
  region size 1024K, 4 young (4096K), 4 survivors (4096K)
 Metaspace       used 35250K, committed 36096K, reserved 1114112K
  class space    used 4724K, committed 5120K, reserved 1048576K
}
Event: 5.440 GC heap before
{Heap before GC invocations=9 (full 0):
 garbage-first heap   total 78848K, used 65792K [0x0000000080000000, 0x0000000100000000)
  region size 1024K, 41 young (41984K), 4 survivors (4096K)
 Metaspace       used 40375K, committed 41600K, reserved 1114112K
  class space    used 5537K, committed 6144K, reserved 1048576K
}
Event: 5.447 GC heap after
{Heap after GC invocations=10 (full 0):
 garbage-first heap   total 78848K, used 29849K [0x0000000080000000, 0x0000000100000000)
  region size 1024K, 3 young (3072K), 3 survivors (3072K)
 Metaspace       used 40375K, committed 41600K, reserved 1114112K
  class space    used 5537K, committed 6144K, reserved 1048576K
}
Event: 5.950 GC heap before
{Heap before GC invocations=10 (full 0):
 garbage-first heap   total 78848K, used 65689K [0x0000000080000000, 0x0000000100000000)
  region size 1024K, 39 young (39936K), 3 survivors (3072K)
 Metaspace       used 45511K, committed 46720K, reserved 1114112K
  class space    used 6061K, committed 6656K, reserved 1048576K
}
Event: 5.957 GC heap after
{Heap after GC invocations=11 (full 0):
 garbage-first heap   total 95232K, used 33789K [0x0000000080000000, 0x0000000100000000)
  region size 1024K, 5 young (5120K), 5 survivors (5120K)
 Metaspace       used 45511K, committed 46720K, reserved 1114112K
  class space    used 6061K, committed 6656K, reserved 1048576K
}
Event: 6.678 GC heap before
{Heap before GC invocations=11 (full 0):
 garbage-first heap   total 95232K, used 80893K [0x0000000080000000, 0x0000000100000000)
  region size 1024K, 51 young (52224K), 5 survivors (5120K)
 Metaspace       used 48666K, committed 49984K, reserved 1114112K
  class space    used 6582K, committed 7232K, reserved 1048576K
}
Event: 6.684 GC heap after
{Heap after GC invocations=12 (full 0):
 garbage-first heap   total 95232K, used 37095K [0x0000000080000000, 0x0000000100000000)
  region size 1024K, 7 young (7168K), 7 survivors (7168K)
 Metaspace       used 48666K, committed 49984K, reserved 1114112K
  class space    used 6582K, committed 7232K, reserved 1048576K
}
Event: 7.195 GC heap before
{Heap before GC invocations=12 (full 0):
 garbage-first heap   total 95232K, used 81127K [0x0000000080000000, 0x0000000100000000)
  region size 1024K, 49 young (50176K), 7 survivors (7168K)
 Metaspace       used 55005K, committed 56448K, reserved 1114112K
  class space    used 7416K, committed 8128K, reserved 1048576K
}
Event: 7.201 GC heap after
{Heap after GC invocations=13 (full 0):
 garbage-first heap   total 95232K, used 39134K [0x0000000080000000, 0x0000000100000000)
  region size 1024K, 5 young (5120K), 5 survivors (5120K)
 Metaspace       used 55005K, committed 56448K, reserved 1114112K
  class space    used 7416K, committed 8128K, reserved 1048576K
}
Event: 7.632 GC heap before
{Heap before GC invocations=13 (full 0):
 garbage-first heap   total 95232K, used 65758K [0x0000000080000000, 0x0000000100000000)
  region size 1024K, 32 young (32768K), 5 survivors (5120K)
 Metaspace       used 58812K, committed 60288K, reserved 1114112K
  class space    used 7951K, committed 8704K, reserved 1048576K
}
Event: 7.637 GC heap after
{Heap after GC invocations=14 (full 0):
 garbage-first heap   total 95232K, used 40634K [0x0000000080000000, 0x0000000100000000)
  region size 1024K, 3 young (3072K), 3 survivors (3072K)
 Metaspace       used 58812K, committed 60288K, reserved 1114112K
  class space    used 7951K, committed 8704K, reserved 1048576K
}

