# JRE version: OpenJDK Runtime Environment (21.0.4) (build 21.0.4+-12508038-b607.1)
# Java VM: OpenJDK 64-Bit Server VM (21.0.4+-12508038-b607.1, mixed mode, tiered, compressed oops, compressed class ptrs, g1 gc, windows-amd64)
GC Precious Log:
 CardTable entry size: 512
 Card Set container configuration: InlinePtr #cards 5 size 8 Array Of Cards #cards 12 size 40 Howl #buckets 4 coarsen threshold 1843 Howl Bitmap #cards 512 size 80 coarsen threshold 460 Card regions per heap region 1 cards per card region 2048
 CPUs: 8 total, 8 available
 Memory: 8023M
 Large Page Support: Disabled
 NUMA Support: Disabled
 Compressed Oops: Enabled (32-bit)
 Heap Region Size: 1M
 Heap Min Capacity: 8M
 Heap Initial Capacity: 126M
 Heap Max Capacity: 2G
 Pre-touch: Disabled
 Parallel Workers: 8
 Concurrent Workers: 2
 Concurrent Refinement Workers: 8
 Periodic GC: Disabled
Heap:
 garbage-first heap   total 75776K, used 45146K [0x0000000080000000, 0x0000000100000000)
  region size 1024K, 9 young (9216K), 2 survivors (2048K)
 Metaspace       used 55847K, committed 57344K, reserved 1114112K
  class space    used 7537K, committed 8256K, reserved 1048576K
GC Heap History (20 events):
Event: 2.958 GC heap before
{Heap before GC invocations=2 (full 0):
 garbage-first heap   total 129024K, used 67732K [0x0000000080000000, 0x0000000100000000)
  region size 1024K, 56 young (57344K), 4 survivors (4096K)
 Metaspace       used 16999K, committed 17216K, reserved 1114112K
  class space    used 1924K, committed 2048K, reserved 1048576K
}
Event: 2.967 GC heap after
{Heap after GC invocations=3 (full 0):
 garbage-first heap   total 129024K, used 19395K [0x0000000080000000, 0x0000000100000000)
  region size 1024K, 7 young (7168K), 7 survivors (7168K)
 Metaspace       used 16999K, committed 17216K, reserved 1114112K
  class space    used 1924K, committed 2048K, reserved 1048576K
}
Event: 3.418 GC heap before
{Heap before GC invocations=3 (full 0):
 garbage-first heap   total 129024K, used 33731K [0x0000000080000000, 0x0000000100000000)
  region size 1024K, 22 young (22528K), 7 survivors (7168K)
 Metaspace       used 21162K, committed 21504K, reserved 1114112K
  class space    used 2446K, committed 2624K, reserved 1048576K
}
Event: 3.424 GC heap after
{Heap after GC invocations=4 (full 0):
 garbage-first heap   total 129024K, used 21679K [0x0000000080000000, 0x0000000100000000)
  region size 1024K, 7 young (7168K), 7 survivors (7168K)
 Metaspace       used 21162K, committed 21504K, reserved 1114112K
  class space    used 2446K, committed 2624K, reserved 1048576K
}
Event: 4.232 GC heap before
{Heap before GC invocations=5 (full 0):
 garbage-first heap   total 75776K, used 58543K [0x0000000080000000, 0x0000000100000000)
  region size 1024K, 44 young (45056K), 7 survivors (7168K)
 Metaspace       used 27776K, committed 28288K, reserved 1114112K
  class space    used 3467K, committed 3712K, reserved 1048576K
}
Event: 4.240 GC heap after
{Heap after GC invocations=6 (full 0):
 garbage-first heap   total 75776K, used 23713K [0x0000000080000000, 0x0000000100000000)
  region size 1024K, 4 young (4096K), 4 survivors (4096K)
 Metaspace       used 27776K, committed 28288K, reserved 1114112K
  class space    used 3467K, committed 3712K, reserved 1048576K
}
Event: 5.255 GC heap before
{Heap before GC invocations=6 (full 0):
 garbage-first heap   total 75776K, used 60577K [0x0000000080000000, 0x0000000100000000)
  region size 1024K, 41 young (41984K), 4 survivors (4096K)
 Metaspace       used 32912K, committed 33728K, reserved 1114112K
  class space    used 4333K, committed 4736K, reserved 1048576K
}
Event: 5.262 GC heap after
{Heap after GC invocations=7 (full 0):
 garbage-first heap   total 75776K, used 26624K [0x0000000080000000, 0x0000000100000000)
  region size 1024K, 5 young (5120K), 5 survivors (5120K)
 Metaspace       used 32912K, committed 33728K, reserved 1114112K
  class space    used 4333K, committed 4736K, reserved 1048576K
}
Event: 5.579 GC heap before
{Heap before GC invocations=7 (full 0):
 garbage-first heap   total 75776K, used 41984K [0x0000000080000000, 0x0000000100000000)
  region size 1024K, 21 young (21504K), 5 survivors (5120K)
 Metaspace       used 35232K, committed 36096K, reserved 1114112K
  class space    used 4723K, committed 5120K, reserved 1048576K
}
Event: 5.585 GC heap after
{Heap after GC invocations=8 (full 0):
 garbage-first heap   total 75776K, used 27474K [0x0000000080000000, 0x0000000100000000)
  region size 1024K, 4 young (4096K), 4 survivors (4096K)
 Metaspace       used 35232K, committed 36096K, reserved 1114112K
  class space    used 4723K, committed 5120K, reserved 1048576K
}
Event: 6.230 GC heap before
{Heap before GC invocations=9 (full 0):
 garbage-first heap   total 75776K, used 64338K [0x0000000080000000, 0x0000000100000000)
  region size 1024K, 40 young (40960K), 4 survivors (4096K)
 Metaspace       used 40242K, committed 41408K, reserved 1114112K
  class space    used 5515K, committed 6080K, reserved 1048576K
}
Event: 6.237 GC heap after
{Heap after GC invocations=10 (full 0):
 garbage-first heap   total 75776K, used 29487K [0x0000000080000000, 0x0000000100000000)
  region size 1024K, 3 young (3072K), 3 survivors (3072K)
 Metaspace       used 40242K, committed 41408K, reserved 1114112K
  class space    used 5515K, committed 6080K, reserved 1048576K
}
Event: 6.800 GC heap before
{Heap before GC invocations=10 (full 0):
 garbage-first heap   total 75776K, used 65327K [0x0000000080000000, 0x0000000100000000)
  region size 1024K, 39 young (39936K), 3 survivors (3072K)
 Metaspace       used 45504K, committed 46720K, reserved 1114112K
  class space    used 6059K, committed 6656K, reserved 1048576K
}
Event: 6.808 GC heap after
{Heap after GC invocations=11 (full 0):
 garbage-first heap   total 75776K, used 33545K [0x0000000080000000, 0x0000000100000000)
  region size 1024K, 5 young (5120K), 5 survivors (5120K)
 Metaspace       used 45504K, committed 46720K, reserved 1114112K
  class space    used 6059K, committed 6656K, reserved 1048576K
}
Event: 7.099 GC heap before
{Heap before GC invocations=11 (full 0):
 garbage-first heap   total 75776K, used 65289K [0x0000000080000000, 0x0000000100000000)
  region size 1024K, 36 young (36864K), 5 survivors (5120K)
 Metaspace       used 46602K, committed 47808K, reserved 1114112K
  class space    used 6239K, committed 6848K, reserved 1048576K
}
Event: 7.106 GC heap after
{Heap after GC invocations=12 (full 0):
 garbage-first heap   total 75776K, used 35567K [0x0000000080000000, 0x0000000100000000)
  region size 1024K, 2 young (2048K), 2 survivors (2048K)
 Metaspace       used 46602K, committed 47808K, reserved 1114112K
  class space    used 6239K, committed 6848K, reserved 1048576K
}
Event: 7.792 GC heap before
{Heap before GC invocations=12 (full 0):
 garbage-first heap   total 75776K, used 66287K [0x0000000080000000, 0x0000000100000000)
  region size 1024K, 32 young (32768K), 2 survivors (2048K)
 Metaspace       used 50692K, committed 52096K, reserved 1114112K
  class space    used 6904K, committed 7616K, reserved 1048576K
}
Event: 7.798 GC heap after
{Heap after GC invocations=13 (full 0):
 garbage-first heap   total 75776K, used 37729K [0x0000000080000000, 0x0000000100000000)
  region size 1024K, 4 young (4096K), 4 survivors (4096K)
 Metaspace       used 50692K, committed 52096K, reserved 1114112K
  class space    used 6904K, committed 7616K, reserved 1048576K
}
Event: 8.377 GC heap before
{Heap before GC invocations=14 (full 0):
 garbage-first heap   total 75776K, used 67425K [0x0000000080000000, 0x0000000100000000)
  region size 1024K, 31 young (31744K), 4 survivors (4096K)
 Metaspace       used 54908K, committed 56384K, reserved 1114112K
  class space    used 7416K, committed 8128K, reserved 1048576K
}
Event: 8.382 GC heap after
{Heap after GC invocations=15 (full 0):
 garbage-first heap   total 75776K, used 39002K [0x0000000080000000, 0x0000000100000000)
  region size 1024K, 2 young (2048K), 2 survivors (2048K)
 Metaspace       used 54908K, committed 56384K, reserved 1114112K
  class space    used 7416K, committed 8128K, reserved 1048576K
}

