# JRE version: OpenJDK Runtime Environment (21.0.4) (build 21.0.4+-12508038-b607.1)
# Java VM: OpenJDK 64-Bit Server VM (21.0.4+-12508038-b607.1, mixed mode, tiered, compressed oops, compressed class ptrs, g1 gc, windows-amd64)
GC Precious Log:
 CardTable entry size: 512
 Card Set container configuration: InlinePtr #cards 5 size 8 Array Of Cards #cards 12 size 40 Howl #buckets 4 coarsen threshold 1843 Howl Bitmap #cards 512 size 80 coarsen threshold 460 Card regions per heap region 1 cards per card region 2048
 CPUs: 8 total, 8 available
 Memory: 8023M
 Large Page Support: Disabled
 NUMA Support: Disabled
 Compressed Oops: Enabled (32-bit)
 Heap Region Size: 1M
 Heap Min Capacity: 8M
 Heap Initial Capacity: 126M
 Heap Max Capacity: 2G
 Pre-touch: Disabled
 Parallel Workers: 8
 Concurrent Workers: 2
 Concurrent Refinement Workers: 8
 Periodic GC: Disabled
Heap:
 garbage-first heap   total 75776K, used 42456K [0x0000000080000000, 0x0000000100000000)
  region size 1024K, 15 young (15360K), 5 survivors (5120K)
 Metaspace       used 46194K, committed 47424K, reserved 1114112K
  class space    used 6172K, committed 6784K, reserved 1048576K
GC Heap History (18 events):
Event: 0.696 GC heap before
{Heap before GC invocations=0 (full 0):
 garbage-first heap   total 129024K, used 22528K [0x0000000080000000, 0x0000000100000000)
  region size 1024K, 23 young (23552K), 0 survivors (0K)
 Metaspace       used 8005K, committed 8128K, reserved 1114112K
  class space    used 712K, committed 768K, reserved 1048576K
}
Event: 0.702 GC heap after
{Heap after GC invocations=1 (full 0):
 garbage-first heap   total 129024K, used 4904K [0x0000000080000000, 0x0000000100000000)
  region size 1024K, 3 young (3072K), 3 survivors (3072K)
 Metaspace       used 8005K, committed 8128K, reserved 1114112K
  class space    used 712K, committed 768K, reserved 1048576K
}
Event: 1.694 GC heap before
{Heap before GC invocations=1 (full 0):
 garbage-first heap   total 129024K, used 41768K [0x0000000080000000, 0x0000000100000000)
  region size 1024K, 35 young (35840K), 3 survivors (3072K)
 Metaspace       used 12161K, committed 12352K, reserved 1114112K
  class space    used 1277K, committed 1408K, reserved 1048576K
}
Event: 1.701 GC heap after
{Heap after GC invocations=2 (full 0):
 garbage-first heap   total 129024K, used 11981K [0x0000000080000000, 0x0000000100000000)
  region size 1024K, 3 young (3072K), 3 survivors (3072K)
 Metaspace       used 12161K, committed 12352K, reserved 1114112K
  class space    used 1277K, committed 1408K, reserved 1048576K
}
Event: 2.699 GC heap before
{Heap before GC invocations=2 (full 0):
 garbage-first heap   total 129024K, used 58061K [0x0000000080000000, 0x0000000100000000)
  region size 1024K, 47 young (48128K), 3 survivors (3072K)
 Metaspace       used 13996K, committed 14144K, reserved 1114112K
  class space    used 1534K, committed 1600K, reserved 1048576K
}
Event: 2.711 GC heap after
{Heap after GC invocations=3 (full 0):
 garbage-first heap   total 129024K, used 18089K [0x0000000080000000, 0x0000000100000000)
  region size 1024K, 6 young (6144K), 6 survivors (6144K)
 Metaspace       used 13996K, committed 14144K, reserved 1114112K
  class space    used 1534K, committed 1600K, reserved 1048576K
}
Event: 3.661 GC heap before
{Heap before GC invocations=3 (full 0):
 garbage-first heap   total 129024K, used 40617K [0x0000000080000000, 0x0000000100000000)
  region size 1024K, 29 young (29696K), 6 survivors (6144K)
 Metaspace       used 21176K, committed 21504K, reserved 1114112K
  class space    used 2445K, committed 2624K, reserved 1048576K
}
Event: 3.667 GC heap after
{Heap after GC invocations=4 (full 0):
 garbage-first heap   total 129024K, used 21803K [0x0000000080000000, 0x0000000100000000)
  region size 1024K, 8 young (8192K), 8 survivors (8192K)
 Metaspace       used 21176K, committed 21504K, reserved 1114112K
  class space    used 2445K, committed 2624K, reserved 1048576K
}
Event: 4.448 GC heap before
{Heap before GC invocations=5 (full 0):
 garbage-first heap   total 75776K, used 57643K [0x0000000080000000, 0x0000000100000000)
  region size 1024K, 44 young (45056K), 8 survivors (8192K)
 Metaspace       used 27648K, committed 28224K, reserved 1114112K
  class space    used 3449K, committed 3712K, reserved 1048576K
}
Event: 4.457 GC heap after
{Heap after GC invocations=6 (full 0):
 garbage-first heap   total 75776K, used 23693K [0x0000000080000000, 0x0000000100000000)
  region size 1024K, 5 young (5120K), 5 survivors (5120K)
 Metaspace       used 27648K, committed 28224K, reserved 1114112K
  class space    used 3449K, committed 3712K, reserved 1048576K
}
Event: 5.162 GC heap before
{Heap before GC invocations=6 (full 0):
 garbage-first heap   total 75776K, used 58509K [0x0000000080000000, 0x0000000100000000)
  region size 1024K, 39 young (39936K), 5 survivors (5120K)
 Metaspace       used 32332K, committed 33088K, reserved 1114112K
  class space    used 4222K, committed 4608K, reserved 1048576K
}
Event: 5.171 GC heap after
{Heap after GC invocations=7 (full 0):
 garbage-first heap   total 75776K, used 26141K [0x0000000080000000, 0x0000000100000000)
  region size 1024K, 5 young (5120K), 5 survivors (5120K)
 Metaspace       used 32332K, committed 33088K, reserved 1114112K
  class space    used 4222K, committed 4608K, reserved 1048576K
}
Event: 5.592 GC heap before
{Heap before GC invocations=7 (full 0):
 garbage-first heap   total 75776K, used 45597K [0x0000000080000000, 0x0000000100000000)
  region size 1024K, 25 young (25600K), 5 survivors (5120K)
 Metaspace       used 35273K, committed 36096K, reserved 1114112K
  class space    used 4727K, committed 5120K, reserved 1048576K
}
Event: 5.598 GC heap after
{Heap after GC invocations=8 (full 0):
 garbage-first heap   total 75776K, used 27396K [0x0000000080000000, 0x0000000100000000)
  region size 1024K, 2 young (2048K), 2 survivors (2048K)
 Metaspace       used 35273K, committed 36096K, reserved 1114112K
  class space    used 4727K, committed 5120K, reserved 1048576K
}
Event: 6.349 GC heap before
{Heap before GC invocations=9 (full 0):
 garbage-first heap   total 75776K, used 62212K [0x0000000080000000, 0x0000000100000000)
  region size 1024K, 36 young (36864K), 2 survivors (2048K)
 Metaspace       used 39853K, committed 41024K, reserved 1114112K
  class space    used 5463K, committed 6016K, reserved 1048576K
}
Event: 6.352 GC heap after
{Heap after GC invocations=10 (full 0):
 garbage-first heap   total 75776K, used 28964K [0x0000000080000000, 0x0000000100000000)
  region size 1024K, 3 young (3072K), 3 survivors (3072K)
 Metaspace       used 39853K, committed 41024K, reserved 1114112K
  class space    used 5463K, committed 6016K, reserved 1048576K
}
Event: 6.894 GC heap before
{Heap before GC invocations=10 (full 0):
 garbage-first heap   total 75776K, used 63780K [0x0000000080000000, 0x0000000100000000)
  region size 1024K, 38 young (38912K), 3 survivors (3072K)
 Metaspace       used 45442K, committed 46592K, reserved 1114112K
  class space    used 6044K, committed 6592K, reserved 1048576K
}
Event: 6.902 GC heap after
{Heap after GC invocations=11 (full 0):
 garbage-first heap   total 75776K, used 33240K [0x0000000080000000, 0x0000000100000000)
  region size 1024K, 5 young (5120K), 5 survivors (5120K)
 Metaspace       used 45442K, committed 46592K, reserved 1114112K
  class space    used 6044K, committed 6592K, reserved 1048576K
}

